2026-03-22 12:49:15.075 | INFO     | src.trainer:seed_all:32 - Set random seed to 42
2026-03-22 12:49:15.075 | INFO     | __main__:main:30 - 🚀 Experiment: spherical_heavy_contrastive_ClassToken | Mode: CONTRASTIVE | Space: spherical
2026-03-22 12:49:19.194 | INFO     | src.data.sampler:get_sampler:104 - Assigning AllClassesKSampler for CONTRASTIVE mode
2026-03-22 12:49:19.197 | WARNING  | src.data.sampler:get_sampler:123 - Sampler overriding config batch_size! New batch_size: 9 (9 classes * 1 per class)
2026-03-22 12:49:24.709 | INFO     | src.losses:get_loss:24 - Using PairwiseCELoss for spherical space
2026-03-22 12:49:24.716 | INFO     | src.trainer:seed_all:32 - Set random seed to 42
2026-03-22 12:49:32.488 | INFO     | src.trainer:__init__:90 - Trainer Initialized | Mode: CONTRASTIVE | Space: SPHERICAL (c=0.0) | Model: GeometricModel
2026-03-22 12:49:33.006 | INFO     | src.trainer:__init__:99 - Trainer initialized for CONTRASTIVE-SPHERICAL-GEOMETRICMODEL
2026-03-22 12:49:33.007 | INFO     | src.trainer:fit:405 - >>> STARTING STANDARD TRAINING
2026-03-22 16:08:58.657 | INFO     | src.trainer:evaluate:292 - Epoch 4 | Eval Score (CONTRASTIVE): 0.0000
2026-03-22 16:08:58.659 | INFO     | src.trainer:save_checkpoint:167 - New best model found! Score: 0.0000
2026-03-22 19:28:34.433 | INFO     | src.trainer:evaluate:292 - Epoch 9 | Eval Score (CONTRASTIVE): 0.0000
2026-03-22 22:48:21.063 | INFO     | src.trainer:evaluate:292 - Epoch 14 | Eval Score (CONTRASTIVE): 0.0000
2026-03-23 02:08:11.053 | INFO     | src.trainer:evaluate:292 - Epoch 19 | Eval Score (CONTRASTIVE): 0.0000
2026-03-23 05:28:03.742 | INFO     | src.trainer:evaluate:292 - Epoch 24 | Eval Score (CONTRASTIVE): 0.0000
2026-03-23 08:48:02.313 | INFO     | src.trainer:evaluate:292 - Epoch 29 | Eval Score (CONTRASTIVE): 0.0000
2026-03-23 12:07:59.761 | INFO     | src.trainer:evaluate:292 - Epoch 34 | Eval Score (CONTRASTIVE): 0.0000
2026-03-23 15:27:56.068 | INFO     | src.trainer:evaluate:292 - Epoch 39 | Eval Score (CONTRASTIVE): 0.0000
2026-03-23 18:47:56.803 | INFO     | src.trainer:evaluate:292 - Epoch 44 | Eval Score (CONTRASTIVE): 0.0000
2026-03-23 22:08:00.576 | INFO     | src.trainer:evaluate:292 - Epoch 49 | Eval Score (CONTRASTIVE): 0.0000
2026-03-24 01:28:06.703 | INFO     | src.trainer:evaluate:292 - Epoch 54 | Eval Score (CONTRASTIVE): 0.0000
2026-03-24 04:48:08.674 | INFO     | src.trainer:evaluate:292 - Epoch 59 | Eval Score (CONTRASTIVE): 0.0000
2026-03-24 08:08:13.964 | INFO     | src.trainer:evaluate:292 - Epoch 64 | Eval Score (CONTRASTIVE): 0.0000
2026-03-24 11:28:18.714 | INFO     | src.trainer:evaluate:292 - Epoch 69 | Eval Score (CONTRASTIVE): 0.0000
2026-03-24 14:48:22.450 | INFO     | src.trainer:evaluate:292 - Epoch 74 | Eval Score (CONTRASTIVE): 0.0000
2026-03-24 18:08:34.976 | INFO     | src.trainer:evaluate:292 - Epoch 79 | Eval Score (CONTRASTIVE): 0.0000
2026-03-24 21:28:31.314 | INFO     | src.trainer:evaluate:292 - Epoch 84 | Eval Score (CONTRASTIVE): 0.0000
2026-03-25 00:48:28.982 | INFO     | src.trainer:evaluate:292 - Epoch 89 | Eval Score (CONTRASTIVE): 0.0000
2026-03-25 04:08:31.294 | INFO     | src.trainer:evaluate:292 - Epoch 94 | Eval Score (CONTRASTIVE): 0.0000
2026-03-25 07:28:29.202 | INFO     | src.trainer:evaluate:292 - Epoch 99 | Eval Score (CONTRASTIVE): 0.0000
2026-03-25 07:28:34.954 | INFO     | src.trainer:train:378 - Training Stage full_training Completed.
