2026-03-21 15:41:48.121 | INFO     | src.trainer:seed_all:32 - Set random seed to 42
2026-03-21 15:42:10.625 | INFO     | src.trainer:seed_all:32 - Set random seed to 42
2026-03-21 15:42:10.625 | INFO     | __main__:main:26 - 🚀 Experiment: EucViT3D_test | Mode: SUPERVISED | Space: euclidean
2026-03-21 15:42:10.625 | WARNING  | __main__:main:30 - ⚠️ FAST DEV RUN ENABLED: Running 1 epoch with limited batches.
2026-03-21 15:42:12.333 | INFO     | src.data.sampler:get_sampler:122 - Using standard PyTorch random sampling (None, None)
2026-03-21 15:42:37.155 | INFO     | src.trainer:seed_all:32 - Set random seed to 42
2026-03-21 15:42:37.156 | INFO     | __main__:main:26 - 🚀 Experiment: EucViT3D_test | Mode: SUPERVISED | Space: euclidean
2026-03-21 15:42:37.156 | WARNING  | __main__:main:30 - ⚠️ FAST DEV RUN ENABLED: Running 1 epoch with limited batches.
2026-03-21 15:42:39.997 | INFO     | src.data.sampler:get_sampler:122 - Using standard PyTorch random sampling (None, None)
2026-03-21 15:42:42.834 | INFO     | src.losses:get_loss:19 - Using CrossEntropyLoss for Supervised Classification
2026-03-21 15:42:42.837 | INFO     | src.trainer:seed_all:32 - Set random seed to 42
2026-03-21 15:44:19.514 | INFO     | src.trainer:seed_all:32 - Set random seed to 42
2026-03-21 15:44:19.515 | INFO     | __main__:main:26 - 🚀 Experiment: EucViT3D_test | Mode: SUPERVISED | Space: euclidean
2026-03-21 15:44:19.515 | WARNING  | __main__:main:30 - ⚠️ FAST DEV RUN ENABLED: Running 1 epoch with limited batches.
2026-03-21 15:44:21.750 | INFO     | src.data.sampler:get_sampler:122 - Using standard PyTorch random sampling
2026-03-21 15:44:25.410 | INFO     | src.losses:get_loss:19 - Using CrossEntropyLoss for Supervised Classification
2026-03-21 15:44:25.415 | INFO     | src.trainer:seed_all:32 - Set random seed to 42
2026-03-21 15:47:19.733 | INFO     | src.trainer:seed_all:32 - Set random seed to 42
2026-03-21 15:47:19.733 | INFO     | __main__:main:26 - 🚀 Experiment: EucViT3D_test | Mode: SUPERVISED | Space: euclidean
2026-03-21 15:47:19.733 | WARNING  | __main__:main:30 - ⚠️ FAST DEV RUN ENABLED: Running 1 epoch with limited batches.
2026-03-21 15:47:23.629 | INFO     | src.data.sampler:get_sampler:122 - Using standard PyTorch random sampling
2026-03-21 15:47:28.699 | INFO     | src.losses:get_loss:19 - Using CrossEntropyLoss for Supervised Classification
2026-03-21 15:47:28.705 | INFO     | src.trainer:seed_all:32 - Set random seed to 42
2026-03-21 15:48:33.823 | INFO     | src.trainer:seed_all:32 - Set random seed to 42
2026-03-21 15:48:33.824 | INFO     | __main__:main:26 - 🚀 Experiment: EucViT3D_test | Mode: SUPERVISED | Space: euclidean
2026-03-21 15:48:33.824 | WARNING  | __main__:main:30 - ⚠️ FAST DEV RUN ENABLED: Running 1 epoch with limited batches.
2026-03-21 15:48:34.372 | INFO     | src.data.sampler:get_sampler:122 - Using standard PyTorch random sampling
2026-03-21 15:48:39.034 | INFO     | src.losses:get_loss:19 - Using CrossEntropyLoss for Supervised Classification
2026-03-21 15:48:39.039 | INFO     | src.trainer:seed_all:32 - Set random seed to 42
2026-03-21 15:49:27.342 | INFO     | src.trainer:seed_all:32 - Set random seed to 42
2026-03-21 15:49:27.343 | INFO     | __main__:main:26 - 🚀 Experiment: EucViT3D_test | Mode: SUPERVISED | Space: euclidean
2026-03-21 15:49:27.343 | WARNING  | __main__:main:30 - ⚠️ FAST DEV RUN ENABLED: Running 1 epoch with limited batches.
2026-03-21 15:49:28.976 | INFO     | src.data.sampler:get_sampler:122 - Using standard PyTorch random sampling
2026-03-21 15:49:32.291 | INFO     | src.losses:get_loss:19 - Using CrossEntropyLoss for Supervised Classification
2026-03-21 15:49:32.297 | INFO     | src.trainer:seed_all:32 - Set random seed to 42
2026-03-21 15:49:39.673 | INFO     | src.trainer:__init__:84 - Trainer Initialized | Mode: SUPERVISED | Space: EUCLIDEAN (c=0.0) | Model: ModuleDict
2026-03-21 15:49:40.390 | INFO     | src.trainer:__init__:91 - Trainer initialized for SUPERVISED-EUCLIDEAN-MODULEDICT
2026-03-21 15:49:40.390 | INFO     | __main__:main:120 - Starting SUPERVISED training loop...
2026-03-21 15:49:40.391 | INFO     | src.trainer:fit:392 - >>> STARTING STANDARD TRAINING
2026-03-21 15:58:51.469 | INFO     | src.trainer:seed_all:32 - Set random seed to 42
2026-03-21 15:58:51.470 | INFO     | __main__:main:25 - 🚀 Experiment: EucViT3D_test | Mode: SUPERVISED | Space: euclidean
2026-03-21 15:58:51.470 | WARNING  | __main__:main:29 - ⚠️ FAST DEV RUN ENABLED: Running 1 epoch with limited batches.
2026-03-21 15:58:52.484 | INFO     | src.data.sampler:get_sampler:122 - Using standard PyTorch random sampling
2026-03-21 16:00:23.266 | INFO     | src.trainer:seed_all:32 - Set random seed to 42
2026-03-21 16:00:23.266 | INFO     | __main__:main:25 - 🚀 Experiment: EucViT3D_test | Mode: SUPERVISED | Space: euclidean
2026-03-21 16:00:23.266 | WARNING  | __main__:main:29 - ⚠️ FAST DEV RUN ENABLED: Running 1 epoch with limited batches.
2026-03-21 16:00:27.124 | INFO     | src.data.sampler:get_sampler:122 - Using standard PyTorch random sampling
2026-03-21 16:00:32.497 | INFO     | src.losses:get_loss:19 - Using CrossEntropyLoss for Supervised Classification
2026-03-21 16:00:32.500 | INFO     | src.trainer:seed_all:32 - Set random seed to 42
2026-03-21 16:00:40.882 | INFO     | src.trainer:__init__:84 - Trainer Initialized | Mode: SUPERVISED | Space: EUCLIDEAN (c=0.0) | Model: GeometricModel
2026-03-21 16:00:41.476 | INFO     | src.trainer:__init__:91 - Trainer initialized for SUPERVISED-EUCLIDEAN-GEOMETRICMODEL
2026-03-21 16:00:41.477 | INFO     | __main__:main:86 - Starting SUPERVISED training loop...
2026-03-21 16:00:41.477 | INFO     | src.trainer:fit:392 - >>> STARTING STANDARD TRAINING
2026-03-21 16:02:43.306 | INFO     | src.trainer:seed_all:32 - Set random seed to 42
2026-03-21 16:02:43.307 | INFO     | __main__:main:25 - 🚀 Experiment: EucViT3D_test | Mode: SUPERVISED | Space: euclidean
2026-03-21 16:02:43.307 | WARNING  | __main__:main:29 - ⚠️ FAST DEV RUN ENABLED: Running 1 epoch with limited batches.
2026-03-21 16:02:46.154 | INFO     | src.data.sampler:get_sampler:122 - Using standard PyTorch random sampling
2026-03-21 16:02:49.270 | INFO     | src.losses:get_loss:19 - Using CrossEntropyLoss for Supervised Classification
2026-03-21 16:02:49.274 | INFO     | src.trainer:seed_all:32 - Set random seed to 42
2026-03-21 16:02:56.524 | INFO     | src.trainer:__init__:84 - Trainer Initialized | Mode: SUPERVISED | Space: EUCLIDEAN (c=0.0) | Model: GeometricModel
2026-03-21 16:02:57.205 | INFO     | src.trainer:__init__:91 - Trainer initialized for SUPERVISED-EUCLIDEAN-GEOMETRICMODEL
2026-03-21 16:02:57.205 | INFO     | __main__:main:86 - Starting SUPERVISED training loop...
2026-03-21 16:02:57.205 | INFO     | src.trainer:fit:392 - >>> STARTING STANDARD TRAINING
2026-03-21 16:05:46.442 | INFO     | src.trainer:seed_all:32 - Set random seed to 42
2026-03-21 16:05:46.442 | INFO     | __main__:main:25 - 🚀 Experiment: EucViT3D_test | Mode: SUPERVISED | Space: euclidean
2026-03-21 16:05:49.589 | INFO     | src.data.sampler:get_sampler:122 - Using standard PyTorch random sampling
2026-03-21 16:05:53.749 | INFO     | src.losses:get_loss:19 - Using CrossEntropyLoss for Supervised Classification
2026-03-21 16:05:53.755 | INFO     | src.trainer:seed_all:32 - Set random seed to 42
2026-03-21 16:06:00.401 | INFO     | src.trainer:__init__:84 - Trainer Initialized | Mode: SUPERVISED | Space: EUCLIDEAN (c=0.0) | Model: GeometricModel
2026-03-21 16:06:01.050 | INFO     | src.trainer:__init__:91 - Trainer initialized for SUPERVISED-EUCLIDEAN-GEOMETRICMODEL
2026-03-21 16:06:01.051 | WARNING  | __main__:main:82 - ⚠️ FAST DEV RUN ENABLED: Running 1 epoch with limited batches.
2026-03-21 16:06:03.583 | INFO     | src.trainer:fit:392 - >>> STARTING STANDARD TRAINING
2026-03-21 16:11:54.333 | INFO     | src.trainer:seed_all:32 - Set random seed to 42
2026-03-21 16:11:54.333 | INFO     | __main__:main:25 - 🚀 Experiment: EucViT3D_test | Mode: SUPERVISED | Space: euclidean
2026-03-21 16:11:54.430 | WARNING  | __main__:main:47 - ⚠️ FAST DEV RUN ENABLED: Running 1 epoch with limited batches.
2026-03-21 16:11:57.043 | INFO     | src.data.sampler:get_sampler:122 - Using standard PyTorch random sampling
2026-03-21 16:12:00.693 | INFO     | src.losses:get_loss:19 - Using CrossEntropyLoss for Supervised Classification
2026-03-21 16:12:00.696 | INFO     | src.trainer:seed_all:32 - Set random seed to 42
2026-03-21 16:12:09.607 | INFO     | src.trainer:__init__:84 - Trainer Initialized | Mode: SUPERVISED | Space: EUCLIDEAN (c=0.0) | Model: GeometricModel
2026-03-21 16:12:10.028 | INFO     | src.trainer:__init__:91 - Trainer initialized for SUPERVISED-EUCLIDEAN-GEOMETRICMODEL
2026-03-21 16:12:10.029 | INFO     | src.trainer:fit:392 - >>> STARTING STANDARD TRAINING
2026-03-21 16:16:02.205 | INFO     | src.trainer:seed_all:32 - Set random seed to 42
2026-03-21 16:16:02.206 | INFO     | __main__:main:25 - 🚀 Experiment: EucViT3D_test | Mode: SUPERVISED | Space: euclidean
2026-03-21 16:16:02.336 | WARNING  | __main__:main:47 - ⚠️ FAST DEV RUN ENABLED: Running 1 epoch with limited batches.
2026-03-21 16:16:06.035 | INFO     | src.data.sampler:get_sampler:122 - Using standard PyTorch random sampling
2026-03-21 16:16:11.204 | INFO     | src.losses:get_loss:19 - Using CrossEntropyLoss for Supervised Classification
2026-03-21 16:16:11.208 | INFO     | src.trainer:seed_all:32 - Set random seed to 42
2026-03-21 16:16:17.989 | INFO     | src.trainer:__init__:84 - Trainer Initialized | Mode: SUPERVISED | Space: EUCLIDEAN (c=0.0) | Model: GeometricModel
2026-03-21 16:16:17.996 | INFO     | src.trainer:__init__:91 - Trainer initialized for SUPERVISED-EUCLIDEAN-GEOMETRICMODEL
2026-03-21 16:16:17.996 | INFO     | src.trainer:fit:392 - >>> STARTING STANDARD TRAINING
2026-03-21 16:18:56.946 | INFO     | src.trainer:seed_all:32 - Set random seed to 42
2026-03-21 16:18:56.947 | INFO     | __main__:main:25 - 🚀 Experiment: EucViT3D_test | Mode: SUPERVISED | Space: euclidean
2026-03-21 16:18:57.085 | WARNING  | __main__:main:47 - ⚠️ FAST DEV RUN ENABLED: Running 1 epoch with limited batches.
2026-03-21 16:19:00.872 | INFO     | src.data.sampler:get_sampler:122 - Using standard PyTorch random sampling
2026-03-21 16:19:05.851 | INFO     | src.losses:get_loss:19 - Using CrossEntropyLoss for Supervised Classification
2026-03-21 16:19:05.859 | INFO     | src.trainer:seed_all:32 - Set random seed to 42
2026-03-21 16:19:11.144 | INFO     | src.trainer:__init__:84 - Trainer Initialized | Mode: SUPERVISED | Space: EUCLIDEAN (c=0.0) | Model: GeometricModel
2026-03-21 16:19:11.156 | INFO     | src.trainer:__init__:91 - Trainer initialized for SUPERVISED-EUCLIDEAN-GEOMETRICMODEL
2026-03-21 16:19:11.156 | INFO     | src.trainer:fit:392 - >>> STARTING STANDARD TRAINING
2026-03-21 16:19:24.694 | INFO     | src.trainer:train:365 - Training Stage full_training Completed.
2026-03-21 16:20:31.695 | INFO     | src.trainer:seed_all:32 - Set random seed to 42
2026-03-21 16:20:31.695 | INFO     | __main__:main:25 - 🚀 Experiment: EucViT3D_test | Mode: SUPERVISED | Space: euclidean
2026-03-21 16:20:31.793 | WARNING  | __main__:main:47 - ⚠️ FAST DEV RUN ENABLED: Running 1 epoch with limited batches.
2026-03-21 16:20:33.710 | INFO     | src.data.sampler:get_sampler:122 - Using standard PyTorch random sampling
2026-03-21 16:20:36.723 | INFO     | src.losses:get_loss:19 - Using CrossEntropyLoss for Supervised Classification
2026-03-21 16:20:36.727 | INFO     | src.trainer:seed_all:32 - Set random seed to 42
2026-03-21 16:20:42.235 | INFO     | src.trainer:__init__:84 - Trainer Initialized | Mode: SUPERVISED | Space: EUCLIDEAN (c=0.0) | Model: GeometricModel
2026-03-21 16:20:42.241 | INFO     | src.trainer:__init__:91 - Trainer initialized for SUPERVISED-EUCLIDEAN-GEOMETRICMODEL
2026-03-21 16:20:42.241 | INFO     | src.trainer:fit:391 - >>> STARTING STANDARD TRAINING
2026-03-21 16:20:54.092 | INFO     | src.trainer:train:364 - Training Stage full_training Completed.
2026-03-21 16:23:09.573 | INFO     | src.trainer:seed_all:32 - Set random seed to 42
2026-03-21 16:23:09.573 | INFO     | __main__:main:25 - 🚀 Experiment: EucViT3D_test | Mode: SUPERVISED | Space: euclidean
2026-03-21 16:23:09.734 | WARNING  | __main__:main:47 - ⚠️ FAST DEV RUN ENABLED: Running 1 epoch with limited batches.
2026-03-21 16:23:11.939 | INFO     | src.data.sampler:get_sampler:122 - Using standard PyTorch random sampling
2026-03-21 16:23:15.446 | INFO     | src.losses:get_loss:19 - Using CrossEntropyLoss for Supervised Classification
2026-03-21 16:23:15.451 | INFO     | src.trainer:seed_all:32 - Set random seed to 42
2026-03-21 16:23:21.338 | INFO     | src.trainer:__init__:84 - Trainer Initialized | Mode: SUPERVISED | Space: EUCLIDEAN (c=0.0) | Model: GeometricModel
2026-03-21 16:23:21.344 | INFO     | src.trainer:__init__:91 - Trainer initialized for SUPERVISED-EUCLIDEAN-GEOMETRICMODEL
2026-03-21 16:23:21.344 | INFO     | src.trainer:fit:391 - >>> STARTING STANDARD TRAINING
2026-03-21 16:26:55.664 | INFO     | src.trainer:seed_all:32 - Set random seed to 42
2026-03-21 16:26:55.664 | INFO     | __main__:main:25 - 🚀 Experiment: EucViT3D_test | Mode: SUPERVISED | Space: euclidean
2026-03-21 16:26:55.763 | WARNING  | __main__:main:47 - ⚠️ FAST DEV RUN ENABLED: Running 1 epoch with limited batches.
2026-03-21 16:26:56.051 | INFO     | src.data.sampler:get_sampler:122 - Using standard PyTorch random sampling
2026-03-21 16:27:00.629 | INFO     | src.losses:get_loss:19 - Using CrossEntropyLoss for Supervised Classification
2026-03-21 16:27:00.633 | INFO     | src.trainer:seed_all:32 - Set random seed to 42
2026-03-21 16:27:05.938 | INFO     | src.trainer:__init__:84 - Trainer Initialized | Mode: SUPERVISED | Space: EUCLIDEAN (c=0.0) | Model: GeometricModel
2026-03-21 16:27:05.947 | INFO     | src.trainer:__init__:91 - Trainer initialized for SUPERVISED-EUCLIDEAN-GEOMETRICMODEL
2026-03-21 16:27:05.947 | INFO     | src.trainer:fit:391 - >>> STARTING STANDARD TRAINING
2026-03-21 16:29:00.595 | INFO     | src.trainer:seed_all:32 - Set random seed to 42
2026-03-21 16:29:00.595 | INFO     | __main__:main:25 - 🚀 Experiment: EucViT3D_test | Mode: SUPERVISED | Space: euclidean
2026-03-21 16:29:00.695 | WARNING  | __main__:main:47 - ⚠️ FAST DEV RUN ENABLED: Running 1 epoch with limited batches.
2026-03-21 16:29:04.313 | INFO     | src.data.sampler:get_sampler:122 - Using standard PyTorch random sampling
2026-03-21 16:29:06.850 | INFO     | src.losses:get_loss:19 - Using CrossEntropyLoss for Supervised Classification
2026-03-21 16:29:06.853 | INFO     | src.trainer:seed_all:32 - Set random seed to 42
2026-03-21 16:29:13.552 | INFO     | src.trainer:__init__:84 - Trainer Initialized | Mode: SUPERVISED | Space: EUCLIDEAN (c=0.0) | Model: GeometricModel
2026-03-21 16:29:13.560 | INFO     | src.trainer:__init__:91 - Trainer initialized for SUPERVISED-EUCLIDEAN-GEOMETRICMODEL
2026-03-21 16:29:13.560 | INFO     | src.trainer:fit:389 - >>> STARTING STANDARD TRAINING
2026-03-21 16:32:22.175 | INFO     | src.trainer:seed_all:32 - Set random seed to 42
2026-03-21 16:32:22.176 | INFO     | __main__:main:25 - 🚀 Experiment: EucViT3D_test | Mode: SUPERVISED | Space: euclidean
2026-03-21 16:32:22.275 | WARNING  | __main__:main:47 - ⚠️ FAST DEV RUN ENABLED: Running 1 epoch with limited batches.
2026-03-21 16:32:25.484 | INFO     | src.data.sampler:get_sampler:122 - Using standard PyTorch random sampling
2026-03-21 16:32:30.305 | INFO     | src.losses:get_loss:19 - Using CrossEntropyLoss for Supervised Classification
2026-03-21 16:32:30.309 | INFO     | src.trainer:seed_all:32 - Set random seed to 42
2026-03-21 16:32:33.426 | INFO     | src.trainer:__init__:84 - Trainer Initialized | Mode: SUPERVISED | Space: EUCLIDEAN (c=0.0) | Model: GeometricModel
2026-03-21 16:33:06.227 | INFO     | src.trainer:seed_all:32 - Set random seed to 42
2026-03-21 16:33:06.228 | INFO     | __main__:main:25 - 🚀 Experiment: EucViT3D_test | Mode: SUPERVISED | Space: euclidean
2026-03-21 16:33:06.347 | WARNING  | __main__:main:47 - ⚠️ FAST DEV RUN ENABLED: Running 1 epoch with limited batches.
2026-03-21 16:33:07.241 | INFO     | src.data.sampler:get_sampler:122 - Using standard PyTorch random sampling
2026-03-21 16:33:11.502 | INFO     | src.losses:get_loss:19 - Using CrossEntropyLoss for Supervised Classification
2026-03-21 16:33:11.508 | INFO     | src.trainer:seed_all:32 - Set random seed to 42
2026-03-21 16:33:15.264 | INFO     | src.trainer:__init__:84 - Trainer Initialized | Mode: SUPERVISED | Space: EUCLIDEAN (c=0.0) | Model: GeometricModel
2026-03-21 16:33:15.265 | INFO     | src.trainer:__init__:93 - Trainer initialized for SUPERVISED-EUCLIDEAN-GEOMETRICMODEL
2026-03-21 16:33:15.265 | INFO     | src.trainer:fit:395 - >>> STARTING STANDARD TRAINING
2026-03-21 16:33:31.017 | INFO     | src.trainer:evaluate:282 - Epoch 0 | Eval Score (SUPERVISED): 1.0000
2026-03-21 16:37:11.090 | INFO     | src.trainer:seed_all:32 - Set random seed to 42
2026-03-21 16:37:11.090 | INFO     | __main__:main:25 - 🚀 Experiment: EucViT3D_test | Mode: SUPERVISED | Space: euclidean
2026-03-21 16:37:11.196 | WARNING  | __main__:main:47 - ⚠️ FAST DEV RUN ENABLED: Running 1 epoch with limited batches.
2026-03-21 16:37:13.857 | INFO     | src.data.sampler:get_sampler:122 - Using standard PyTorch random sampling
2026-03-21 16:37:16.959 | INFO     | src.losses:get_loss:19 - Using CrossEntropyLoss for Supervised Classification
2026-03-21 16:37:16.964 | INFO     | src.trainer:seed_all:32 - Set random seed to 42
2026-03-21 16:37:21.602 | INFO     | src.trainer:__init__:85 - Trainer Initialized | Mode: SUPERVISED | Space: EUCLIDEAN (c=0.0) | Model: GeometricModel
2026-03-21 16:37:21.602 | INFO     | src.trainer:__init__:94 - Trainer initialized for SUPERVISED-EUCLIDEAN-GEOMETRICMODEL
2026-03-21 16:37:21.602 | INFO     | src.trainer:fit:396 - >>> STARTING STANDARD TRAINING
2026-03-21 16:37:36.818 | INFO     | src.trainer:evaluate:283 - Epoch 0 | Eval Score (SUPERVISED): 1.0000
2026-03-21 16:37:36.819 | INFO     | src.trainer:save_checkpoint:162 - New best model found! Score: 1.0000
2026-03-21 16:38:55.974 | INFO     | src.trainer:seed_all:32 - Set random seed to 42
2026-03-21 16:38:55.974 | INFO     | __main__:main:25 - 🚀 Experiment: EucViT3D_test | Mode: SUPERVISED | Space: euclidean
2026-03-21 16:38:56.132 | WARNING  | __main__:main:47 - ⚠️ FAST DEV RUN ENABLED: Running 1 epoch with limited batches.
2026-03-21 16:38:57.441 | INFO     | src.data.sampler:get_sampler:122 - Using standard PyTorch random sampling
2026-03-21 16:38:59.028 | INFO     | src.losses:get_loss:19 - Using CrossEntropyLoss for Supervised Classification
2026-03-21 16:38:59.031 | INFO     | src.trainer:seed_all:32 - Set random seed to 42
2026-03-21 16:39:00.755 | INFO     | src.trainer:__init__:85 - Trainer Initialized | Mode: SUPERVISED | Space: EUCLIDEAN (c=0.0) | Model: GeometricModel
2026-03-21 16:39:00.755 | INFO     | src.trainer:__init__:94 - Trainer initialized for SUPERVISED-EUCLIDEAN-GEOMETRICMODEL
2026-03-21 16:39:00.755 | INFO     | src.trainer:fit:396 - >>> STARTING STANDARD TRAINING
2026-03-21 16:39:12.702 | INFO     | src.trainer:evaluate:283 - Epoch 0 | Eval Score (SUPERVISED): 1.0000
2026-03-21 16:39:12.703 | INFO     | src.trainer:save_checkpoint:162 - New best model found! Score: 1.0000
2026-03-21 16:39:25.066 | INFO     | src.trainer:train:369 - Training Stage full_training Completed.
2026-03-21 16:40:09.282 | INFO     | src.trainer:seed_all:32 - Set random seed to 42
2026-03-21 16:40:09.282 | INFO     | __main__:main:25 - 🚀 Experiment: EucViT3D_test | Mode: SUPERVISED | Space: euclidean
2026-03-21 16:40:09.439 | WARNING  | __main__:main:47 - ⚠️ FAST DEV RUN ENABLED: Running 1 epoch with limited batches.
2026-03-21 16:40:11.089 | INFO     | src.data.sampler:get_sampler:122 - Using standard PyTorch random sampling
2026-03-21 16:40:12.627 | INFO     | src.losses:get_loss:19 - Using CrossEntropyLoss for Supervised Classification
2026-03-21 16:40:12.631 | INFO     | src.trainer:seed_all:32 - Set random seed to 42
2026-03-21 16:40:34.683 | INFO     | src.trainer:__init__:85 - Trainer Initialized | Mode: SUPERVISED | Space: EUCLIDEAN (c=0.0) | Model: GeometricModel
2026-03-21 16:40:35.525 | INFO     | src.trainer:__init__:94 - Trainer initialized for SUPERVISED-EUCLIDEAN-GEOMETRICMODEL
2026-03-21 16:40:35.526 | INFO     | src.trainer:fit:396 - >>> STARTING STANDARD TRAINING
2026-03-21 16:42:38.795 | INFO     | src.trainer:seed_all:32 - Set random seed to 42
2026-03-21 16:42:38.795 | INFO     | __main__:main:25 - 🚀 Experiment: EucViT3D_test | Mode: SUPERVISED | Space: euclidean
2026-03-21 16:42:38.925 | WARNING  | __main__:main:47 - ⚠️ FAST DEV RUN ENABLED: Running 1 epoch with limited batches.
2026-03-21 16:42:41.266 | INFO     | src.data.sampler:get_sampler:122 - Using standard PyTorch random sampling
2026-03-21 16:42:44.013 | INFO     | src.losses:get_loss:19 - Using CrossEntropyLoss for Supervised Classification
2026-03-21 16:42:44.018 | INFO     | src.trainer:seed_all:32 - Set random seed to 42
2026-03-21 16:42:51.902 | INFO     | src.trainer:__init__:85 - Trainer Initialized | Mode: SUPERVISED | Space: EUCLIDEAN (c=0.0) | Model: GeometricModel
2026-03-21 16:42:52.328 | INFO     | src.trainer:__init__:94 - Trainer initialized for SUPERVISED-EUCLIDEAN-GEOMETRICMODEL
2026-03-21 16:42:52.329 | INFO     | src.trainer:fit:396 - >>> STARTING STANDARD TRAINING
2026-03-21 16:43:10.380 | INFO     | src.trainer:evaluate:283 - Epoch 0 | Eval Score (SUPERVISED): 1.0000
2026-03-21 16:43:10.383 | INFO     | src.trainer:save_checkpoint:162 - New best model found! Score: 1.0000
2026-03-21 16:43:27.170 | INFO     | src.trainer:train:369 - Training Stage full_training Completed.
2026-03-21 16:46:15.224 | INFO     | src.trainer:seed_all:32 - Set random seed to 42
2026-03-21 16:46:15.224 | INFO     | __main__:main:25 - 🚀 Experiment: EucViT3D_test | Mode: SUPERVISED | Space: euclidean
2026-03-21 16:46:15.324 | WARNING  | __main__:main:47 - ⚠️ FAST DEV RUN ENABLED: Running 1 epoch with limited batches.
2026-03-21 16:47:07.977 | INFO     | src.trainer:seed_all:32 - Set random seed to 42
2026-03-21 16:47:07.978 | INFO     | __main__:main:25 - 🚀 Experiment: EucViT3D_test | Mode: SUPERVISED | Space: euclidean
2026-03-21 16:47:08.072 | WARNING  | __main__:main:47 - ⚠️ FAST DEV RUN ENABLED: Running 1 epoch with limited batches.
2026-03-21 16:47:11.418 | INFO     | src.data.sampler:get_sampler:122 - Using standard PyTorch random sampling
2026-03-21 16:47:15.396 | INFO     | src.losses:get_loss:19 - Using CrossEntropyLoss for Supervised Classification
2026-03-21 16:47:15.399 | INFO     | src.trainer:seed_all:32 - Set random seed to 42
2026-03-21 16:47:24.350 | INFO     | src.trainer:__init__:85 - Trainer Initialized | Mode: SUPERVISED | Space: EUCLIDEAN (c=0.0) | Model: GeometricModel
2026-03-21 16:47:24.771 | INFO     | src.trainer:__init__:94 - Trainer initialized for SUPERVISED-EUCLIDEAN-GEOMETRICMODEL
2026-03-21 16:47:24.772 | INFO     | src.trainer:fit:396 - >>> STARTING STANDARD TRAINING
2026-03-21 16:47:41.902 | INFO     | src.trainer:evaluate:283 - Epoch 0 | Eval Score (SUPERVISED): 0.2000
2026-03-21 16:47:41.905 | INFO     | src.trainer:save_checkpoint:162 - New best model found! Score: 0.2000
2026-03-21 16:47:52.411 | INFO     | src.trainer:train:369 - Training Stage full_training Completed.
2026-03-21 16:48:52.702 | INFO     | src.trainer:seed_all:32 - Set random seed to 42
2026-03-21 16:48:52.703 | INFO     | __main__:main:25 - 🚀 Experiment: EucViT3D_test | Mode: SUPERVISED | Space: euclidean
2026-03-21 16:48:52.842 | WARNING  | __main__:main:47 - ⚠️ FAST DEV RUN ENABLED: Running 1 epoch with limited batches.
2026-03-21 16:48:54.287 | INFO     | src.data.sampler:get_sampler:122 - Using standard PyTorch random sampling
2026-03-21 16:48:56.777 | INFO     | src.losses:get_loss:19 - Using CrossEntropyLoss for Supervised Classification
2026-03-21 16:48:56.781 | INFO     | src.trainer:seed_all:32 - Set random seed to 42
2026-03-21 16:49:03.572 | INFO     | src.trainer:__init__:85 - Trainer Initialized | Mode: SUPERVISED | Space: EUCLIDEAN (c=0.0) | Model: GeometricModel
2026-03-21 16:49:03.964 | INFO     | src.trainer:__init__:94 - Trainer initialized for SUPERVISED-EUCLIDEAN-GEOMETRICMODEL
2026-03-21 16:49:03.965 | INFO     | src.trainer:fit:396 - >>> STARTING STANDARD TRAINING
2026-03-21 16:49:21.559 | INFO     | src.trainer:evaluate:283 - Epoch 0 | Eval Score (SUPERVISED): 0.2000
2026-03-21 16:49:21.561 | INFO     | src.trainer:save_checkpoint:162 - New best model found! Score: 0.2000
2026-03-21 16:49:42.241 | INFO     | src.trainer:evaluate:283 - Epoch 1 | Eval Score (SUPERVISED): 0.2000
2026-03-21 16:49:58.509 | INFO     | src.trainer:evaluate:283 - Epoch 2 | Eval Score (SUPERVISED): 0.2000
2026-03-21 16:50:13.080 | INFO     | src.trainer:evaluate:283 - Epoch 3 | Eval Score (SUPERVISED): 0.2000
2026-03-21 16:50:30.829 | INFO     | src.trainer:evaluate:283 - Epoch 4 | Eval Score (SUPERVISED): 0.2000
2026-03-21 16:50:39.763 | INFO     | src.trainer:train:369 - Training Stage full_training Completed.
