2026-03-19T17:19:29.726296+0100 | INFO | ================================================================================
2026-03-19T17:19:29.726409+0100 | INFO | FILE: /optima/data/OPTDATAMELBOURNE/105523332-25-IHYAEAVYAEAAAGEAYXYLFAFGA+XBVFUDBSKJWAFVYAFTHUDMVUPETBPZGMIEDITR+TFSRWD/bscan.dcm
2026-03-19T17:19:29.729291+0100 | INFO | 
Encoding: Explicit VR Little Endian
2026-03-19T17:19:29.729480+0100 | INFO | 
--- BASIC INFO ---
2026-03-19T17:19:29.729543+0100 | INFO | Modality: OPT
2026-03-19T17:19:29.729583+0100 | INFO | Manufacturer: Heidelberg Engineering
2026-03-19T17:19:29.729617+0100 | INFO | Rows: 496
2026-03-19T17:19:29.729654+0100 | INFO | Columns: 1024
2026-03-19T17:19:29.729694+0100 | INFO | NumberOfFrames: 49
2026-03-19T17:19:29.729802+0100 | INFO | 
--- SPACING (mm) ---
2026-03-19T17:19:29.729842+0100 | INFO | Z (inter-slice): 0.118536
2026-03-19T17:19:29.729870+0100 | INFO | Y (pixel spacing): 0.005556
2026-03-19T17:19:29.729895+0100 | INFO | X (pixel spacing): 0.003872
2026-03-19T17:19:29.729921+0100 | INFO | 
Anisotropy (Z/Y): 21.33
2026-03-19T17:19:29.729944+0100 | INFO | 
--- PIXEL DATA ---
2026-03-19T17:19:29.729976+0100 | INFO | Not loaded (skipped)
2026-03-19T17:19:29.730002+0100 | INFO | ================================================================================
2026-03-19T17:19:29.730026+0100 | INFO | FILE: /optima/data/OPTDATA_VSC_DryAMD2/98540702-25-AXAMFIREQPNFOFNCXLYAAVYMA+FCBKOMQHVTNUDKBTYHODNLCKRRAEKCXWRKHDL+LQULKV/bscan.dcm
2026-03-19T17:19:29.733718+0100 | INFO | 
Encoding: Explicit VR Little Endian
2026-03-19T17:19:29.733868+0100 | INFO | 
--- BASIC INFO ---
2026-03-19T17:19:29.733907+0100 | INFO | Modality: OPT
2026-03-19T17:19:29.733937+0100 | INFO | Manufacturer: Heidelberg Engineering
2026-03-19T17:19:29.733962+0100 | INFO | Rows: 496
2026-03-19T17:19:29.733983+0100 | INFO | Columns: 1024
2026-03-19T17:19:29.734006+0100 | INFO | NumberOfFrames: 97
2026-03-19T17:19:29.734080+0100 | INFO | 
--- SPACING (mm) ---
2026-03-19T17:19:29.734114+0100 | INFO | Z (inter-slice): 0.056842
2026-03-19T17:19:29.734140+0100 | INFO | Y (pixel spacing): 0.005329
2026-03-19T17:19:29.734164+0100 | INFO | X (pixel spacing): 0.003872
2026-03-19T17:19:29.734188+0100 | INFO | 
Anisotropy (Z/Y): 10.67
2026-03-19T17:19:29.734211+0100 | INFO | 
--- PIXEL DATA ---
2026-03-19T17:19:29.734242+0100 | INFO | Not loaded (skipped)
2026-03-19T17:19:29.734267+0100 | INFO | ================================================================================
2026-03-19T17:19:29.734292+0100 | INFO | FILE: /optima/data/OPTDATA_FILLY/4204246-25-ZGVMHCORKGSVINHXPVYNEPEBQ+AVOQOCQMGSZATIBXHNAULSGOWTKBAGOSQGMG+VDVSHU/bscan.dcm
2026-03-19T17:19:29.739401+0100 | INFO | 
Encoding: Explicit VR Little Endian
2026-03-19T17:19:29.739566+0100 | INFO | 
--- BASIC INFO ---
2026-03-19T17:19:29.739605+0100 | INFO | Modality: OPT
2026-03-19T17:19:29.739632+0100 | INFO | Manufacturer: Cirrus
2026-03-19T17:19:29.739657+0100 | INFO | Rows: 1024
2026-03-19T17:19:29.739680+0100 | INFO | Columns: 200
2026-03-19T17:19:29.739703+0100 | INFO | NumberOfFrames: 200
2026-03-19T17:19:29.739779+0100 | INFO | 
--- SPACING (mm) ---
2026-03-19T17:19:29.739812+0100 | INFO | Z (inter-slice): 0.030151
2026-03-19T17:19:29.739840+0100 | INFO | Y (pixel spacing): 0.030151
2026-03-19T17:19:29.739863+0100 | INFO | X (pixel spacing): 0.001955
2026-03-19T17:19:29.739888+0100 | INFO | 
Anisotropy (Z/Y): 1.00
2026-03-19T17:19:29.739911+0100 | INFO | 
--- PIXEL DATA ---
2026-03-19T17:19:29.739939+0100 | INFO | Not loaded (skipped)
2026-03-19T17:19:29.739964+0100 | INFO | ================================================================================
2026-03-19T17:19:29.739986+0100 | INFO | FILE: /optima/data/OPTDATAVIVID/51871876-25-APJFSFACSVADAAAYMEHAGGAYC+BZKPZPHQLGPXBPYBJNPTZOXYBSNZPEYSLQVTN+STUSEV/bscan.dcm
2026-03-19T17:19:29.742075+0100 | INFO | 
Encoding: Explicit VR Little Endian
2026-03-19T17:19:29.742219+0100 | INFO | 
--- BASIC INFO ---
2026-03-19T17:19:29.742256+0100 | INFO | Modality: OPT
2026-03-19T17:19:29.742282+0100 | INFO | Manufacturer: Heidelberg Engineering
2026-03-19T17:19:29.742311+0100 | INFO | Rows: 496
2026-03-19T17:19:29.742335+0100 | INFO | Columns: 512
2026-03-19T17:19:29.742359+0100 | INFO | NumberOfFrames: 49
2026-03-19T17:19:29.742433+0100 | INFO | 
--- SPACING (mm) ---
2026-03-19T17:19:29.742466+0100 | INFO | Z (inter-slice): 0.123804
2026-03-19T17:19:29.742493+0100 | INFO | Y (pixel spacing): 0.011666
2026-03-19T17:19:29.742527+0100 | INFO | X (pixel spacing): 0.003872
2026-03-19T17:19:29.742552+0100 | INFO | 
Anisotropy (Z/Y): 10.61
2026-03-19T17:19:29.742576+0100 | INFO | 
--- PIXEL DATA ---
2026-03-19T17:19:29.742606+0100 | INFO | Not loaded (skipped)
2026-03-19T17:19:29.742631+0100 | INFO | ================================================================================
2026-03-19T17:19:29.742655+0100 | INFO | FILE: /optima/data/OPTDATA12/Scans/Spectralis/51871876-25-ADAGGFAOSAAKVDAMYFJAFGAAA+BRESZTRSHARRFDFMNJNVDDZXWBNJDRWREYLNV+HPVDHI/bscan.dcm
2026-03-19T17:19:29.745217+0100 | INFO | 
Encoding: Explicit VR Little Endian
2026-03-19T17:19:29.745358+0100 | INFO | 
--- BASIC INFO ---
2026-03-19T17:19:29.745394+0100 | INFO | Modality: OPT
2026-03-19T17:19:29.745421+0100 | INFO | Manufacturer: Heidelberg Engineering
2026-03-19T17:19:29.745445+0100 | INFO | Rows: 496
2026-03-19T17:19:29.745468+0100 | INFO | Columns: 512
2026-03-19T17:19:29.745491+0100 | INFO | NumberOfFrames: 49
2026-03-19T17:19:29.745573+0100 | INFO | 
--- SPACING (mm) ---
2026-03-19T17:19:29.745607+0100 | INFO | Z (inter-slice): 0.11704
2026-03-19T17:19:29.745632+0100 | INFO | Y (pixel spacing): 0.011056
2026-03-19T17:19:29.745657+0100 | INFO | X (pixel spacing): 0.003872
2026-03-19T17:19:29.745681+0100 | INFO | 
Anisotropy (Z/Y): 10.59
2026-03-19T17:19:29.745704+0100 | INFO | 
--- PIXEL DATA ---
2026-03-19T17:19:29.745737+0100 | INFO | Not loaded (skipped)
2026-03-19T17:19:29.745760+0100 | INFO | ================================================================================
2026-03-19T17:19:29.745782+0100 | INFO | FILE: /optima/exchange/NORMATIVE_AGING/PatEyeVisit/0289_OS/0720/OrigScan/bscan.dcm
2026-03-19T17:19:29.749414+0100 | INFO | 
Encoding: Explicit VR Little Endian
2026-03-19T17:19:29.749561+0100 | INFO | 
--- BASIC INFO ---
2026-03-19T17:19:29.749598+0100 | INFO | Modality: OPT
2026-03-19T17:19:29.749624+0100 | INFO | Manufacturer: Heidelberg Engineering
2026-03-19T17:19:29.749647+0100 | INFO | Rows: 496
2026-03-19T17:19:29.749670+0100 | INFO | Columns: 512
2026-03-19T17:19:29.749693+0100 | INFO | NumberOfFrames: 49
2026-03-19T17:19:29.749763+0100 | INFO | 
--- SPACING (mm) ---
2026-03-19T17:19:29.749797+0100 | INFO | Z (inter-slice): 0.124363
2026-03-19T17:19:29.749823+0100 | INFO | Y (pixel spacing): 0.012163
2026-03-19T17:19:29.749848+0100 | INFO | X (pixel spacing): 0.003872
2026-03-19T17:19:29.749873+0100 | INFO | 
Anisotropy (Z/Y): 10.22
2026-03-19T17:19:29.749897+0100 | INFO | 
--- PIXEL DATA ---
2026-03-19T17:19:29.749926+0100 | INFO | Not loaded (skipped)
2026-03-19T17:19:29.749951+0100 | INFO | ================================================================================
2026-03-19T17:19:29.749974+0100 | INFO | FILE: /optima/data/OPTDATASTARGARDTDISTROPHY/26908804-25-AQCAKCDDABQVVALABAKEJAADA+YDNYMKMJRKJZJDXUDNUSNIHVMNYBCAXBEADWN+PLNMLC/bscan.dcm
2026-03-19T17:19:29.751601+0100 | INFO | 
Encoding: Explicit VR Little Endian
2026-03-19T17:19:29.751740+0100 | INFO | 
--- BASIC INFO ---
2026-03-19T17:19:29.751776+0100 | INFO | Modality: OPT
2026-03-19T17:19:29.751801+0100 | INFO | Manufacturer: Heidelberg Engineering
2026-03-19T17:19:29.751824+0100 | INFO | Rows: 496
2026-03-19T17:19:29.751847+0100 | INFO | Columns: 512
2026-03-19T17:19:29.751870+0100 | INFO | NumberOfFrames: 25
2026-03-19T17:19:29.751939+0100 | INFO | 
--- SPACING (mm) ---
2026-03-19T17:19:29.751972+0100 | INFO | Z (inter-slice): 0.238134
2026-03-19T17:19:29.751998+0100 | INFO | Y (pixel spacing): 0.011163
2026-03-19T17:19:29.752023+0100 | INFO | X (pixel spacing): 0.003872
2026-03-19T17:19:29.752048+0100 | INFO | 
Anisotropy (Z/Y): 21.33
2026-03-19T17:19:29.752071+0100 | INFO | 
--- PIXEL DATA ---
2026-03-19T17:19:29.752104+0100 | INFO | Not loaded (skipped)
2026-03-19T17:19:29.752129+0100 | INFO | ================================================================================
2026-03-19T17:19:29.752153+0100 | INFO | FILE: /optima/data/OPTDATA2/205449860-25-KXVXATAZAQDJIAVYGEYGVCAXQ+YEBWOQURKJGOBXEJAEEEMJRQWENPXLLXVJPTYS+NHCOCR/bscan.dcm
2026-03-19T17:19:29.758176+0100 | INFO | 
Encoding: Explicit VR Little Endian
2026-03-19T17:19:29.758324+0100 | INFO | 
--- BASIC INFO ---
2026-03-19T17:19:29.758360+0100 | INFO | Modality: OPT
2026-03-19T17:19:29.758387+0100 | INFO | Manufacturer: Heidelberg Engineering
2026-03-19T17:19:29.758411+0100 | INFO | Rows: 496
2026-03-19T17:19:29.758433+0100 | INFO | Columns: 384
2026-03-19T17:19:29.758457+0100 | INFO | NumberOfFrames: 261
2026-03-19T17:19:29.758536+0100 | INFO | 
--- SPACING (mm) ---
2026-03-19T17:19:29.758570+0100 | INFO | Z (inter-slice): 0.010972
2026-03-19T17:19:29.758596+0100 | INFO | Y (pixel spacing): 0.011174
2026-03-19T17:19:29.758621+0100 | INFO | X (pixel spacing): 0.003872
2026-03-19T17:19:29.758646+0100 | INFO | 
Anisotropy (Z/Y): 0.98
2026-03-19T17:19:29.758670+0100 | INFO | 
--- PIXEL DATA ---
2026-03-19T17:19:29.758700+0100 | INFO | Not loaded (skipped)
2026-03-19T17:19:29.758725+0100 | INFO | ================================================================================
2026-03-19T17:19:29.758747+0100 | INFO | FILE: /optima/data/OPTDATA3/4204024-25-FEBHLUZOJCHTKLHNOSDWTZTVT+AKCUIJECATVNBOQOJXDJHAQTWMAFNIRTYSWU+JDYPNY/bscan.dcm
2026-03-19T17:19:29.763724+0100 | INFO | 
Encoding: Explicit VR Little Endian
2026-03-19T17:19:29.763865+0100 | INFO | 
--- BASIC INFO ---
2026-03-19T17:19:29.763902+0100 | INFO | Modality: OPT
2026-03-19T17:19:29.763929+0100 | INFO | Manufacturer: Cirrus
2026-03-19T17:19:29.763953+0100 | INFO | Rows: 1024
2026-03-19T17:19:29.763976+0100 | INFO | Columns: 200
2026-03-19T17:19:29.763999+0100 | INFO | NumberOfFrames: 200
2026-03-19T17:19:29.764067+0100 | INFO | 
--- SPACING (mm) ---
2026-03-19T17:19:29.764100+0100 | INFO | Z (inter-slice): 0.030151
2026-03-19T17:19:29.764126+0100 | INFO | Y (pixel spacing): 0.030151
2026-03-19T17:19:29.764149+0100 | INFO | X (pixel spacing): 0.001955
2026-03-19T17:19:29.764173+0100 | INFO | 
Anisotropy (Z/Y): 1.00
2026-03-19T17:19:29.764195+0100 | INFO | 
--- PIXEL DATA ---
2026-03-19T17:19:29.764223+0100 | INFO | Not loaded (skipped)
2026-03-19T17:19:29.764247+0100 | INFO | ================================================================================
2026-03-19T17:19:29.764271+0100 | INFO | FILE: /optima/data/OPTDATA12/Scans/Spectralis/51871876-25-AZDEJAALEAAQVDAMYEIAJGAAD+BGAKXGXZXPNBBMIZAVPVBXPYOJNLZSVEUQNTO+IALFTI/bscan.dcm
2026-03-19T17:19:29.766173+0100 | INFO | 
Encoding: Explicit VR Little Endian
2026-03-19T17:19:29.766308+0100 | INFO | 
--- BASIC INFO ---
2026-03-19T17:19:29.766344+0100 | INFO | Modality: OPT
2026-03-19T17:19:29.766369+0100 | INFO | Manufacturer: Heidelberg Engineering
2026-03-19T17:19:29.766393+0100 | INFO | Rows: 496
2026-03-19T17:19:29.766416+0100 | INFO | Columns: 512
2026-03-19T17:19:29.766439+0100 | INFO | NumberOfFrames: 49
2026-03-19T17:19:29.766515+0100 | INFO | 
--- SPACING (mm) ---
2026-03-19T17:19:29.766550+0100 | INFO | Z (inter-slice): 0.119007
2026-03-19T17:19:29.766576+0100 | INFO | Y (pixel spacing): 0.011175
2026-03-19T17:19:29.766600+0100 | INFO | X (pixel spacing): 0.003872
2026-03-19T17:19:29.766623+0100 | INFO | 
Anisotropy (Z/Y): 10.65
2026-03-19T17:19:29.766645+0100 | INFO | 
--- PIXEL DATA ---
2026-03-19T17:19:29.766674+0100 | INFO | Not loaded (skipped)
2026-03-19T17:19:29.766699+0100 | INFO | ================================================================================
2026-03-19T17:19:29.766722+0100 | INFO | FILE: /optima/data/OPTDATAHARBOR/B/6782494-25-OSRTVYBLEHLMNWWDJLKIFESUJ+CJALSMAECHRKTEYLDBEDQZXLTJQDENBAFALH+OFXTRA/bscan.dcm
2026-03-19T17:19:29.770507+0100 | INFO | 
Encoding: Explicit VR Little Endian
2026-03-19T17:19:29.770642+0100 | INFO | 
--- BASIC INFO ---
2026-03-19T17:19:29.770679+0100 | INFO | Modality: OPT
2026-03-19T17:19:29.770706+0100 | INFO | Manufacturer: Cirrus
2026-03-19T17:19:29.770735+0100 | INFO | Rows: 1024
2026-03-19T17:19:29.770760+0100 | INFO | Columns: 512
2026-03-19T17:19:29.770783+0100 | INFO | NumberOfFrames: 128
2026-03-19T17:19:29.770852+0100 | INFO | 
--- SPACING (mm) ---
2026-03-19T17:19:29.770886+0100 | INFO | Z (inter-slice): 0.047244
2026-03-19T17:19:29.770912+0100 | INFO | Y (pixel spacing): 0.011742
2026-03-19T17:19:29.770937+0100 | INFO | X (pixel spacing): 0.001955
2026-03-19T17:19:29.770961+0100 | INFO | 
Anisotropy (Z/Y): 4.02
2026-03-19T17:19:29.770983+0100 | INFO | 
--- PIXEL DATA ---
2026-03-19T17:19:29.771013+0100 | INFO | Not loaded (skipped)
2026-03-19T17:19:52.896256+0100 | INFO | ================================================================================
2026-03-19T17:19:52.896353+0100 | INFO | FILE: /optima/data/OPTDATAMELBOURNE/105523332-25-IHYAEAVYAEAAAGEAYXYLFAFGA+XBVFUDBSKJWAFVYAFTHUDMVUPETBPZGMIEDITR+TFSRWD/bscan.dcm
2026-03-19T17:19:52.899284+0100 | INFO | 
Encoding: Explicit VR Little Endian
2026-03-19T17:19:52.899473+0100 | INFO | 
--- BASIC INFO ---
2026-03-19T17:19:52.899534+0100 | INFO | Modality: OPT
2026-03-19T17:19:52.899574+0100 | INFO | Manufacturer: Heidelberg Engineering
2026-03-19T17:19:52.899608+0100 | INFO | Rows: 496
2026-03-19T17:19:52.899639+0100 | INFO | Columns: 1024
2026-03-19T17:19:52.899677+0100 | INFO | NumberOfFrames: 49
2026-03-19T17:19:52.899781+0100 | INFO | 
--- SPACING (mm) ---
2026-03-19T17:19:52.899825+0100 | INFO | Z (inter-slice): 0.118536
2026-03-19T17:19:52.899855+0100 | INFO | Y (pixel spacing): 0.005556
2026-03-19T17:19:52.899884+0100 | INFO | X (pixel spacing): 0.003872
2026-03-19T17:19:52.899908+0100 | INFO | 
Anisotropy (Z/Y): 21.33
2026-03-19T17:19:52.899931+0100 | INFO | 
--- PIXEL DATA ---
2026-03-19T17:19:52.899963+0100 | INFO | Not loaded (skipped)
2026-03-19T17:19:52.899987+0100 | INFO | ================================================================================
2026-03-19T17:19:52.900010+0100 | INFO | FILE: /optima/data/OPTDATA_VSC_DryAMD2/98540702-25-AXAMFIREQPNFOFNCXLYAAVYMA+FCBKOMQHVTNUDKBTYHODNLCKRRAEKCXWRKHDL+LQULKV/bscan.dcm
2026-03-19T17:19:52.903353+0100 | INFO | 
Encoding: Explicit VR Little Endian
2026-03-19T17:19:52.903535+0100 | INFO | 
--- BASIC INFO ---
2026-03-19T17:19:52.903579+0100 | INFO | Modality: OPT
2026-03-19T17:19:52.903607+0100 | INFO | Manufacturer: Heidelberg Engineering
2026-03-19T17:19:52.903632+0100 | INFO | Rows: 496
2026-03-19T17:19:52.903655+0100 | INFO | Columns: 1024
2026-03-19T17:19:52.903677+0100 | INFO | NumberOfFrames: 97
2026-03-19T17:19:52.903754+0100 | INFO | 
--- SPACING (mm) ---
2026-03-19T17:19:52.903788+0100 | INFO | Z (inter-slice): 0.056842
2026-03-19T17:19:52.903814+0100 | INFO | Y (pixel spacing): 0.005329
2026-03-19T17:19:52.903838+0100 | INFO | X (pixel spacing): 0.003872
2026-03-19T17:19:52.903862+0100 | INFO | 
Anisotropy (Z/Y): 10.67
2026-03-19T17:19:52.903887+0100 | INFO | 
--- PIXEL DATA ---
2026-03-19T17:19:52.903918+0100 | INFO | Not loaded (skipped)
2026-03-19T17:19:52.903944+0100 | INFO | ================================================================================
2026-03-19T17:19:52.903968+0100 | INFO | FILE: /optima/data/OPTDATA_FILLY/4204246-25-ZGVMHCORKGSVINHXPVYNEPEBQ+AVOQOCQMGSZATIBXHNAULSGOWTKBAGOSQGMG+VDVSHU/bscan.dcm
2026-03-19T17:19:52.908843+0100 | INFO | 
Encoding: Explicit VR Little Endian
2026-03-19T17:19:52.908991+0100 | INFO | 
--- BASIC INFO ---
2026-03-19T17:19:52.909029+0100 | INFO | Modality: OPT
2026-03-19T17:19:52.909055+0100 | INFO | Manufacturer: Cirrus
2026-03-19T17:19:52.909078+0100 | INFO | Rows: 1024
2026-03-19T17:19:52.909099+0100 | INFO | Columns: 200
2026-03-19T17:19:52.909123+0100 | INFO | NumberOfFrames: 200
2026-03-19T17:19:52.909200+0100 | INFO | 
--- SPACING (mm) ---
2026-03-19T17:19:52.909233+0100 | INFO | Z (inter-slice): 0.030151
2026-03-19T17:19:52.909259+0100 | INFO | Y (pixel spacing): 0.030151
2026-03-19T17:19:52.909283+0100 | INFO | X (pixel spacing): 0.001955
2026-03-19T17:19:52.909307+0100 | INFO | 
Anisotropy (Z/Y): 1.00
2026-03-19T17:19:52.909331+0100 | INFO | 
--- PIXEL DATA ---
2026-03-19T17:19:52.909364+0100 | INFO | Not loaded (skipped)
2026-03-19T17:19:52.909389+0100 | INFO | ================================================================================
2026-03-19T17:19:52.909413+0100 | INFO | FILE: /optima/data/OPTDATAVIVID/51871876-25-APJFSFACSVADAAAYMEHAGGAYC+BZKPZPHQLGPXBPYBJNPTZOXYBSNZPEYSLQVTN+STUSEV/bscan.dcm
2026-03-19T17:19:52.911117+0100 | INFO | 
Encoding: Explicit VR Little Endian
2026-03-19T17:19:52.911260+0100 | INFO | 
--- BASIC INFO ---
2026-03-19T17:19:52.911298+0100 | INFO | Modality: OPT
2026-03-19T17:19:52.911323+0100 | INFO | Manufacturer: Heidelberg Engineering
2026-03-19T17:19:52.911347+0100 | INFO | Rows: 496
2026-03-19T17:19:52.911370+0100 | INFO | Columns: 512
2026-03-19T17:19:52.911393+0100 | INFO | NumberOfFrames: 49
2026-03-19T17:19:52.911467+0100 | INFO | 
--- SPACING (mm) ---
2026-03-19T17:19:52.911510+0100 | INFO | Z (inter-slice): 0.123804
2026-03-19T17:19:52.911537+0100 | INFO | Y (pixel spacing): 0.011666
2026-03-19T17:19:52.911561+0100 | INFO | X (pixel spacing): 0.003872
2026-03-19T17:19:52.911586+0100 | INFO | 
Anisotropy (Z/Y): 10.61
2026-03-19T17:19:52.911610+0100 | INFO | 
--- PIXEL DATA ---
2026-03-19T17:19:52.911641+0100 | INFO | Not loaded (skipped)
2026-03-19T17:19:52.911665+0100 | INFO | ================================================================================
2026-03-19T17:19:52.911689+0100 | INFO | FILE: /optima/data/OPTDATA12/Scans/Spectralis/51871876-25-ADAGGFAOSAAKVDAMYFJAFGAAA+BRESZTRSHARRFDFMNJNVDDZXWBNJDRWREYLNV+HPVDHI/bscan.dcm
2026-03-19T17:19:52.913334+0100 | INFO | 
Encoding: Explicit VR Little Endian
2026-03-19T17:19:52.913474+0100 | INFO | 
--- BASIC INFO ---
2026-03-19T17:19:52.913518+0100 | INFO | Modality: OPT
2026-03-19T17:19:52.913545+0100 | INFO | Manufacturer: Heidelberg Engineering
2026-03-19T17:19:52.913571+0100 | INFO | Rows: 496
2026-03-19T17:19:52.913594+0100 | INFO | Columns: 512
2026-03-19T17:19:52.913617+0100 | INFO | NumberOfFrames: 49
2026-03-19T17:19:52.913687+0100 | INFO | 
--- SPACING (mm) ---
2026-03-19T17:19:52.913721+0100 | INFO | Z (inter-slice): 0.11704
2026-03-19T17:19:52.913747+0100 | INFO | Y (pixel spacing): 0.011056
2026-03-19T17:19:52.913771+0100 | INFO | X (pixel spacing): 0.003872
2026-03-19T17:19:52.913796+0100 | INFO | 
Anisotropy (Z/Y): 10.59
2026-03-19T17:19:52.913819+0100 | INFO | 
--- PIXEL DATA ---
2026-03-19T17:19:52.913849+0100 | INFO | Not loaded (skipped)
2026-03-19T17:19:52.913876+0100 | INFO | ================================================================================
2026-03-19T17:19:52.913899+0100 | INFO | FILE: /optima/exchange/NORMATIVE_AGING/PatEyeVisit/0289_OS/0720/OrigScan/bscan.dcm
2026-03-19T17:19:52.916175+0100 | INFO | 
Encoding: Explicit VR Little Endian
2026-03-19T17:19:52.916314+0100 | INFO | 
--- BASIC INFO ---
2026-03-19T17:19:52.916351+0100 | INFO | Modality: OPT
2026-03-19T17:19:52.916375+0100 | INFO | Manufacturer: Heidelberg Engineering
2026-03-19T17:19:52.916400+0100 | INFO | Rows: 496
2026-03-19T17:19:52.916422+0100 | INFO | Columns: 512
2026-03-19T17:19:52.916444+0100 | INFO | NumberOfFrames: 49
2026-03-19T17:19:52.916523+0100 | INFO | 
--- SPACING (mm) ---
2026-03-19T17:19:52.916557+0100 | INFO | Z (inter-slice): 0.124363
2026-03-19T17:19:52.916584+0100 | INFO | Y (pixel spacing): 0.012163
2026-03-19T17:19:52.916607+0100 | INFO | X (pixel spacing): 0.003872
2026-03-19T17:19:52.916631+0100 | INFO | 
Anisotropy (Z/Y): 10.22
2026-03-19T17:19:52.916653+0100 | INFO | 
--- PIXEL DATA ---
2026-03-19T17:19:52.916683+0100 | INFO | Not loaded (skipped)
2026-03-19T17:19:52.916707+0100 | INFO | ================================================================================
2026-03-19T17:19:52.916730+0100 | INFO | FILE: /optima/data/OPTDATASTARGARDTDISTROPHY/26908804-25-AQCAKCDDABQVVALABAKEJAADA+YDNYMKMJRKJZJDXUDNUSNIHVMNYBCAXBEADWN+PLNMLC/bscan.dcm
2026-03-19T17:19:52.917921+0100 | INFO | 
Encoding: Explicit VR Little Endian
2026-03-19T17:19:52.918059+0100 | INFO | 
--- BASIC INFO ---
2026-03-19T17:19:52.918095+0100 | INFO | Modality: OPT
2026-03-19T17:19:52.918127+0100 | INFO | Manufacturer: Heidelberg Engineering
2026-03-19T17:19:52.918152+0100 | INFO | Rows: 496
2026-03-19T17:19:52.918175+0100 | INFO | Columns: 512
2026-03-19T17:19:52.918198+0100 | INFO | NumberOfFrames: 25
2026-03-19T17:19:52.918267+0100 | INFO | 
--- SPACING (mm) ---
2026-03-19T17:19:52.918300+0100 | INFO | Z (inter-slice): 0.238134
2026-03-19T17:19:52.918326+0100 | INFO | Y (pixel spacing): 0.011163
2026-03-19T17:19:52.918349+0100 | INFO | X (pixel spacing): 0.003872
2026-03-19T17:19:52.918373+0100 | INFO | 
Anisotropy (Z/Y): 21.33
2026-03-19T17:19:52.918395+0100 | INFO | 
--- PIXEL DATA ---
2026-03-19T17:19:52.918425+0100 | INFO | Not loaded (skipped)
2026-03-19T17:19:52.918448+0100 | INFO | ================================================================================
2026-03-19T17:19:52.918470+0100 | INFO | FILE: /optima/data/OPTDATA2/205449860-25-KXVXATAZAQDJIAVYGEYGVCAXQ+YEBWOQURKJGOBXEJAEEEMJRQWENPXLLXVJPTYS+NHCOCR/bscan.dcm
2026-03-19T17:19:52.924176+0100 | INFO | 
Encoding: Explicit VR Little Endian
2026-03-19T17:19:52.924324+0100 | INFO | 
--- BASIC INFO ---
2026-03-19T17:19:52.924361+0100 | INFO | Modality: OPT
2026-03-19T17:19:52.924386+0100 | INFO | Manufacturer: Heidelberg Engineering
2026-03-19T17:19:52.924409+0100 | INFO | Rows: 496
2026-03-19T17:19:52.924432+0100 | INFO | Columns: 384
2026-03-19T17:19:52.924456+0100 | INFO | NumberOfFrames: 261
2026-03-19T17:19:52.924537+0100 | INFO | 
--- SPACING (mm) ---
2026-03-19T17:19:52.924571+0100 | INFO | Z (inter-slice): 0.010972
2026-03-19T17:19:52.924597+0100 | INFO | Y (pixel spacing): 0.011174
2026-03-19T17:19:52.924622+0100 | INFO | X (pixel spacing): 0.003872
2026-03-19T17:19:52.924647+0100 | INFO | 
Anisotropy (Z/Y): 0.98
2026-03-19T17:19:52.924672+0100 | INFO | 
--- PIXEL DATA ---
2026-03-19T17:19:52.924703+0100 | INFO | Not loaded (skipped)
2026-03-19T17:19:52.924730+0100 | INFO | ================================================================================
2026-03-19T17:19:52.924754+0100 | INFO | FILE: /optima/data/OPTDATA3/4204024-25-FEBHLUZOJCHTKLHNOSDWTZTVT+AKCUIJECATVNBOQOJXDJHAQTWMAFNIRTYSWU+JDYPNY/bscan.dcm
2026-03-19T17:19:52.929447+0100 | INFO | 
Encoding: Explicit VR Little Endian
2026-03-19T17:19:52.929593+0100 | INFO | 
--- BASIC INFO ---
2026-03-19T17:19:52.929629+0100 | INFO | Modality: OPT
2026-03-19T17:19:52.929655+0100 | INFO | Manufacturer: Cirrus
2026-03-19T17:19:52.929678+0100 | INFO | Rows: 1024
2026-03-19T17:19:52.929701+0100 | INFO | Columns: 200
2026-03-19T17:19:52.929725+0100 | INFO | NumberOfFrames: 200
2026-03-19T17:19:52.929794+0100 | INFO | 
--- SPACING (mm) ---
2026-03-19T17:19:52.929828+0100 | INFO | Z (inter-slice): 0.030151
2026-03-19T17:19:52.929854+0100 | INFO | Y (pixel spacing): 0.030151
2026-03-19T17:19:52.929878+0100 | INFO | X (pixel spacing): 0.001955
2026-03-19T17:19:52.929903+0100 | INFO | 
Anisotropy (Z/Y): 1.00
2026-03-19T17:19:52.929926+0100 | INFO | 
--- PIXEL DATA ---
2026-03-19T17:19:52.929956+0100 | INFO | Not loaded (skipped)
2026-03-19T17:19:52.929981+0100 | INFO | ================================================================================
2026-03-19T17:19:52.930004+0100 | INFO | FILE: /optima/data/OPTDATA12/Scans/Spectralis/51871876-25-AZDEJAALEAAQVDAMYEIAJGAAD+BGAKXGXZXPNBBMIZAVPVBXPYOJNLZSVEUQNTO+IALFTI/bscan.dcm
2026-03-19T17:19:52.931673+0100 | INFO | 
Encoding: Explicit VR Little Endian
2026-03-19T17:19:52.931807+0100 | INFO | 
--- BASIC INFO ---
2026-03-19T17:19:52.931843+0100 | INFO | Modality: OPT
2026-03-19T17:19:52.931869+0100 | INFO | Manufacturer: Heidelberg Engineering
2026-03-19T17:19:52.931892+0100 | INFO | Rows: 496
2026-03-19T17:19:52.931914+0100 | INFO | Columns: 512
2026-03-19T17:19:52.931937+0100 | INFO | NumberOfFrames: 49
2026-03-19T17:19:52.932005+0100 | INFO | 
--- SPACING (mm) ---
2026-03-19T17:19:52.932039+0100 | INFO | Z (inter-slice): 0.119007
2026-03-19T17:19:52.932065+0100 | INFO | Y (pixel spacing): 0.011175
2026-03-19T17:19:52.932089+0100 | INFO | X (pixel spacing): 0.003872
2026-03-19T17:19:52.932113+0100 | INFO | 
Anisotropy (Z/Y): 10.65
2026-03-19T17:19:52.932142+0100 | INFO | 
--- PIXEL DATA ---
2026-03-19T17:19:52.932173+0100 | INFO | Not loaded (skipped)
2026-03-19T17:19:52.932198+0100 | INFO | ================================================================================
2026-03-19T17:19:52.932221+0100 | INFO | FILE: /optima/data/OPTDATAHARBOR/B/6782494-25-OSRTVYBLEHLMNWWDJLKIFESUJ+CJALSMAECHRKTEYLDBEDQZXLTJQDENBAFALH+OFXTRA/bscan.dcm
2026-03-19T17:19:52.935373+0100 | INFO | 
Encoding: Explicit VR Little Endian
2026-03-19T17:19:52.935516+0100 | INFO | 
--- BASIC INFO ---
2026-03-19T17:19:52.935554+0100 | INFO | Modality: OPT
2026-03-19T17:19:52.935580+0100 | INFO | Manufacturer: Cirrus
2026-03-19T17:19:52.935603+0100 | INFO | Rows: 1024
2026-03-19T17:19:52.935626+0100 | INFO | Columns: 512
2026-03-19T17:19:52.935649+0100 | INFO | NumberOfFrames: 128
2026-03-19T17:19:52.935718+0100 | INFO | 
--- SPACING (mm) ---
2026-03-19T17:19:52.935751+0100 | INFO | Z (inter-slice): 0.047244
2026-03-19T17:19:52.935776+0100 | INFO | Y (pixel spacing): 0.011742
2026-03-19T17:19:52.935800+0100 | INFO | X (pixel spacing): 0.001955
2026-03-19T17:19:52.935824+0100 | INFO | 
Anisotropy (Z/Y): 4.02
2026-03-19T17:19:52.935847+0100 | INFO | 
--- PIXEL DATA ---
2026-03-19T17:19:52.935881+0100 | INFO | Not loaded (skipped)
2026-03-19T22:55:00.504438+0100 | INFO | ================================================================================
2026-03-19T22:55:00.504578+0100 | INFO | FILE: /optima/data/OPTDATAMELBOURNE/105523332-25-IHYAEAVYAEAAAGEAYXYLFAFGA+XBVFUDBSKJWAFVYAFTHUDMVUPETBPZGMIEDITR+TFSRWD/bscan.dcm
2026-03-19T22:55:00.509403+0100 | INFO | 
Encoding: Explicit VR Little Endian
2026-03-19T22:55:00.509682+0100 | INFO | 
--- BASIC INFO ---
2026-03-19T22:55:00.509755+0100 | INFO | Modality: OPT
2026-03-19T22:55:00.509806+0100 | INFO | Manufacturer: Heidelberg Engineering
2026-03-19T22:55:00.509852+0100 | INFO | Rows: 496
2026-03-19T22:55:00.509893+0100 | INFO | Columns: 1024
2026-03-19T22:55:00.509945+0100 | INFO | NumberOfFrames: 49
2026-03-19T22:55:00.510088+0100 | INFO | 
--- SPACING (mm) ---
2026-03-19T22:55:00.510148+0100 | INFO | Z (inter-slice): 0.118536
2026-03-19T22:55:00.510186+0100 | INFO | Y (pixel spacing): 0.005556
2026-03-19T22:55:00.510221+0100 | INFO | X (pixel spacing): 0.003872
2026-03-19T22:55:00.510257+0100 | INFO | 
Anisotropy (Z/Y): 21.33
2026-03-19T22:55:00.510290+0100 | INFO | 
--- PIXEL DATA ---
2026-03-19T22:55:00.510333+0100 | INFO | Not loaded (skipped)
2026-03-19T22:55:00.510370+0100 | INFO | ================================================================================
2026-03-19T22:55:00.510415+0100 | INFO | FILE: /optima/data/OPTDATA_VSC_DryAMD2/98540702-25-AXAMFIREQPNFOFNCXLYAAVYMA+FCBKOMQHVTNUDKBTYHODNLCKRRAEKCXWRKHDL+LQULKV/bscan.dcm
2026-03-19T22:55:00.516346+0100 | INFO | 
Encoding: Explicit VR Little Endian
2026-03-19T22:55:00.516573+0100 | INFO | 
--- BASIC INFO ---
2026-03-19T22:55:00.516626+0100 | INFO | Modality: OPT
2026-03-19T22:55:00.516665+0100 | INFO | Manufacturer: Heidelberg Engineering
2026-03-19T22:55:00.516698+0100 | INFO | Rows: 496
2026-03-19T22:55:00.516729+0100 | INFO | Columns: 1024
2026-03-19T22:55:00.516761+0100 | INFO | NumberOfFrames: 97
2026-03-19T22:55:00.516865+0100 | INFO | 
--- SPACING (mm) ---
2026-03-19T22:55:00.516911+0100 | INFO | Z (inter-slice): 0.056842
2026-03-19T22:55:00.516949+0100 | INFO | Y (pixel spacing): 0.005329
2026-03-19T22:55:00.516982+0100 | INFO | X (pixel spacing): 0.003872
2026-03-19T22:55:00.517015+0100 | INFO | 
Anisotropy (Z/Y): 10.67
2026-03-19T22:55:00.517048+0100 | INFO | 
--- PIXEL DATA ---
2026-03-19T22:55:00.517089+0100 | INFO | Not loaded (skipped)
2026-03-19T22:55:00.517124+0100 | INFO | ================================================================================
2026-03-19T22:55:00.517158+0100 | INFO | FILE: /optima/data/OPTDATA_FILLY/4204246-25-ZGVMHCORKGSVINHXPVYNEPEBQ+AVOQOCQMGSZATIBXHNAULSGOWTKBAGOSQGMG+VDVSHU/bscan.dcm
2026-03-19T22:55:00.524643+0100 | INFO | 
Encoding: Explicit VR Little Endian
2026-03-19T22:55:00.524872+0100 | INFO | 
--- BASIC INFO ---
2026-03-19T22:55:00.524928+0100 | INFO | Modality: OPT
2026-03-19T22:55:00.524964+0100 | INFO | Manufacturer: Cirrus
2026-03-19T22:55:00.524997+0100 | INFO | Rows: 1024
2026-03-19T22:55:00.525027+0100 | INFO | Columns: 200
2026-03-19T22:55:00.525058+0100 | INFO | NumberOfFrames: 200
2026-03-19T22:55:00.525167+0100 | INFO | 
--- SPACING (mm) ---
2026-03-19T22:55:00.525213+0100 | INFO | Z (inter-slice): 0.030151
2026-03-19T22:55:00.525248+0100 | INFO | Y (pixel spacing): 0.030151
2026-03-19T22:55:00.525281+0100 | INFO | X (pixel spacing): 0.001955
2026-03-19T22:55:00.525316+0100 | INFO | 
Anisotropy (Z/Y): 1.00
2026-03-19T22:55:00.525348+0100 | INFO | 
--- PIXEL DATA ---
2026-03-19T22:55:00.525388+0100 | INFO | Not loaded (skipped)
2026-03-19T22:55:00.525420+0100 | INFO | ================================================================================
2026-03-19T22:55:00.525452+0100 | INFO | FILE: /optima/data/OPTDATAVIVID/51871876-25-APJFSFACSVADAAAYMEHAGGAYC+BZKPZPHQLGPXBPYBJNPTZOXYBSNZPEYSLQVTN+STUSEV/bscan.dcm
2026-03-19T22:55:00.528912+0100 | INFO | 
Encoding: Explicit VR Little Endian
2026-03-19T22:55:00.529111+0100 | INFO | 
--- BASIC INFO ---
2026-03-19T22:55:00.529161+0100 | INFO | Modality: OPT
2026-03-19T22:55:00.529196+0100 | INFO | Manufacturer: Heidelberg Engineering
2026-03-19T22:55:00.529228+0100 | INFO | Rows: 496
2026-03-19T22:55:00.529260+0100 | INFO | Columns: 512
2026-03-19T22:55:00.529292+0100 | INFO | NumberOfFrames: 49
2026-03-19T22:55:00.529392+0100 | INFO | 
--- SPACING (mm) ---
2026-03-19T22:55:00.529437+0100 | INFO | Z (inter-slice): 0.123804
2026-03-19T22:55:00.529471+0100 | INFO | Y (pixel spacing): 0.011666
2026-03-19T22:55:00.529516+0100 | INFO | X (pixel spacing): 0.003872
2026-03-19T22:55:00.529552+0100 | INFO | 
Anisotropy (Z/Y): 10.61
2026-03-19T22:55:00.529584+0100 | INFO | 
--- PIXEL DATA ---
2026-03-19T22:55:00.529625+0100 | INFO | Not loaded (skipped)
2026-03-19T22:55:00.529658+0100 | INFO | ================================================================================
2026-03-19T22:55:00.529690+0100 | INFO | FILE: /optima/data/OPTDATA12/Scans/Spectralis/51871876-25-ADAGGFAOSAAKVDAMYFJAFGAAA+BRESZTRSHARRFDFMNJNVDDZXWBNJDRWREYLNV+HPVDHI/bscan.dcm
2026-03-19T22:55:00.533639+0100 | INFO | 
Encoding: Explicit VR Little Endian
2026-03-19T22:55:00.533829+0100 | INFO | 
--- BASIC INFO ---
2026-03-19T22:55:00.533877+0100 | INFO | Modality: OPT
2026-03-19T22:55:00.533911+0100 | INFO | Manufacturer: Heidelberg Engineering
2026-03-19T22:55:00.533942+0100 | INFO | Rows: 496
2026-03-19T22:55:00.533972+0100 | INFO | Columns: 512
2026-03-19T22:55:00.534003+0100 | INFO | NumberOfFrames: 49
2026-03-19T22:55:00.534099+0100 | INFO | 
--- SPACING (mm) ---
2026-03-19T22:55:00.534144+0100 | INFO | Z (inter-slice): 0.11704
2026-03-19T22:55:00.534178+0100 | INFO | Y (pixel spacing): 0.011056
2026-03-19T22:55:00.534208+0100 | INFO | X (pixel spacing): 0.003872
2026-03-19T22:55:00.534240+0100 | INFO | 
Anisotropy (Z/Y): 10.59
2026-03-19T22:55:00.534269+0100 | INFO | 
--- PIXEL DATA ---
2026-03-19T22:55:00.534307+0100 | INFO | Not loaded (skipped)
2026-03-19T22:55:00.534338+0100 | INFO | ================================================================================
2026-03-19T22:55:00.534367+0100 | INFO | FILE: /optima/exchange/NORMATIVE_AGING/PatEyeVisit/0289_OS/0720/OrigScan/bscan.dcm
2026-03-19T22:55:01.298273+0100 | INFO | 
Encoding: Explicit VR Little Endian
2026-03-19T22:55:01.298575+0100 | INFO | 
--- BASIC INFO ---
2026-03-19T22:55:01.298630+0100 | INFO | Modality: OPT
2026-03-19T22:55:01.298667+0100 | INFO | Manufacturer: Heidelberg Engineering
2026-03-19T22:55:01.298700+0100 | INFO | Rows: 496
2026-03-19T22:55:01.298731+0100 | INFO | Columns: 512
2026-03-19T22:55:01.298763+0100 | INFO | NumberOfFrames: 49
2026-03-19T22:55:01.298870+0100 | INFO | 
--- SPACING (mm) ---
2026-03-19T22:55:01.298918+0100 | INFO | Z (inter-slice): 0.124363
2026-03-19T22:55:01.298953+0100 | INFO | Y (pixel spacing): 0.012163
2026-03-19T22:55:01.298986+0100 | INFO | X (pixel spacing): 0.003872
2026-03-19T22:55:01.299029+0100 | INFO | 
Anisotropy (Z/Y): 10.22
2026-03-19T22:55:01.299062+0100 | INFO | 
--- PIXEL DATA ---
2026-03-19T22:55:01.299103+0100 | INFO | Not loaded (skipped)
2026-03-19T22:55:01.299135+0100 | INFO | ================================================================================
2026-03-19T22:55:01.299167+0100 | INFO | FILE: /optima/data/OPTDATASTARGARDTDISTROPHY/26908804-25-AQCAKCDDABQVVALABAKEJAADA+YDNYMKMJRKJZJDXUDNUSNIHVMNYBCAXBEADWN+PLNMLC/bscan.dcm
2026-03-19T22:55:01.301922+0100 | INFO | 
Encoding: Explicit VR Little Endian
2026-03-19T22:55:01.302118+0100 | INFO | 
--- BASIC INFO ---
2026-03-19T22:55:01.302166+0100 | INFO | Modality: OPT
2026-03-19T22:55:01.302201+0100 | INFO | Manufacturer: Heidelberg Engineering
2026-03-19T22:55:01.302234+0100 | INFO | Rows: 496
2026-03-19T22:55:01.302264+0100 | INFO | Columns: 512
2026-03-19T22:55:01.302297+0100 | INFO | NumberOfFrames: 25
2026-03-19T22:55:01.302394+0100 | INFO | 
--- SPACING (mm) ---
2026-03-19T22:55:01.302439+0100 | INFO | Z (inter-slice): 0.238134
2026-03-19T22:55:01.302474+0100 | INFO | Y (pixel spacing): 0.011163
2026-03-19T22:55:01.302520+0100 | INFO | X (pixel spacing): 0.003872
2026-03-19T22:55:01.302554+0100 | INFO | 
Anisotropy (Z/Y): 21.33
2026-03-19T22:55:01.302585+0100 | INFO | 
--- PIXEL DATA ---
2026-03-19T22:55:01.302624+0100 | INFO | Not loaded (skipped)
2026-03-19T22:55:01.302657+0100 | INFO | ================================================================================
2026-03-19T22:55:01.302689+0100 | INFO | FILE: /optima/data/OPTDATA2/205449860-25-KXVXATAZAQDJIAVYGEYGVCAXQ+YEBWOQURKJGOBXEJAEEEMJRQWENPXLLXVJPTYS+NHCOCR/bscan.dcm
2026-03-19T22:55:01.311297+0100 | INFO | 
Encoding: Explicit VR Little Endian
2026-03-19T22:55:01.311495+0100 | INFO | 
--- BASIC INFO ---
2026-03-19T22:55:01.311558+0100 | INFO | Modality: OPT
2026-03-19T22:55:01.311593+0100 | INFO | Manufacturer: Heidelberg Engineering
2026-03-19T22:55:01.311624+0100 | INFO | Rows: 496
2026-03-19T22:55:01.311654+0100 | INFO | Columns: 384
2026-03-19T22:55:01.311685+0100 | INFO | NumberOfFrames: 261
2026-03-19T22:55:01.311779+0100 | INFO | 
--- SPACING (mm) ---
2026-03-19T22:55:01.311823+0100 | INFO | Z (inter-slice): 0.010972
2026-03-19T22:55:01.311856+0100 | INFO | Y (pixel spacing): 0.011174
2026-03-19T22:55:01.311888+0100 | INFO | X (pixel spacing): 0.003872
2026-03-19T22:55:01.311921+0100 | INFO | 
Anisotropy (Z/Y): 0.98
2026-03-19T22:55:01.311952+0100 | INFO | 
--- PIXEL DATA ---
2026-03-19T22:55:01.311991+0100 | INFO | Not loaded (skipped)
2026-03-19T22:55:01.312024+0100 | INFO | ================================================================================
2026-03-19T22:55:01.312054+0100 | INFO | FILE: /optima/data/OPTDATA3/4204024-25-FEBHLUZOJCHTKLHNOSDWTZTVT+AKCUIJECATVNBOQOJXDJHAQTWMAFNIRTYSWU+JDYPNY/bscan.dcm
2026-03-19T22:55:01.319336+0100 | INFO | 
Encoding: Explicit VR Little Endian
2026-03-19T22:55:01.319531+0100 | INFO | 
--- BASIC INFO ---
2026-03-19T22:55:01.319580+0100 | INFO | Modality: OPT
2026-03-19T22:55:01.319613+0100 | INFO | Manufacturer: Cirrus
2026-03-19T22:55:01.319643+0100 | INFO | Rows: 1024
2026-03-19T22:55:01.319672+0100 | INFO | Columns: 200
2026-03-19T22:55:01.319701+0100 | INFO | NumberOfFrames: 200
2026-03-19T22:55:01.319793+0100 | INFO | 
--- SPACING (mm) ---
2026-03-19T22:55:01.319836+0100 | INFO | Z (inter-slice): 0.030151
2026-03-19T22:55:01.319870+0100 | INFO | Y (pixel spacing): 0.030151
2026-03-19T22:55:01.319902+0100 | INFO | X (pixel spacing): 0.001955
2026-03-19T22:55:01.319933+0100 | INFO | 
Anisotropy (Z/Y): 1.00
2026-03-19T22:55:01.319963+0100 | INFO | 
--- PIXEL DATA ---
2026-03-19T22:55:01.320002+0100 | INFO | Not loaded (skipped)
2026-03-19T22:55:01.320034+0100 | INFO | ================================================================================
2026-03-19T22:55:01.320063+0100 | INFO | FILE: /optima/data/OPTDATA12/Scans/Spectralis/51871876-25-AZDEJAALEAAQVDAMYEIAJGAAD+BGAKXGXZXPNBBMIZAVPVBXPYOJNLZSVEUQNTO+IALFTI/bscan.dcm
2026-03-19T22:55:01.323229+0100 | INFO | 
Encoding: Explicit VR Little Endian
2026-03-19T22:55:01.323420+0100 | INFO | 
--- BASIC INFO ---
2026-03-19T22:55:01.323468+0100 | INFO | Modality: OPT
2026-03-19T22:55:01.323529+0100 | INFO | Manufacturer: Heidelberg Engineering
2026-03-19T22:55:01.323564+0100 | INFO | Rows: 496
2026-03-19T22:55:01.323593+0100 | INFO | Columns: 512
2026-03-19T22:55:01.323623+0100 | INFO | NumberOfFrames: 49
2026-03-19T22:55:01.323714+0100 | INFO | 
--- SPACING (mm) ---
2026-03-19T22:55:01.323757+0100 | INFO | Z (inter-slice): 0.119007
2026-03-19T22:55:01.323790+0100 | INFO | Y (pixel spacing): 0.011175
2026-03-19T22:55:01.323821+0100 | INFO | X (pixel spacing): 0.003872
2026-03-19T22:55:01.323853+0100 | INFO | 
Anisotropy (Z/Y): 10.65
2026-03-19T22:55:01.323883+0100 | INFO | 
--- PIXEL DATA ---
2026-03-19T22:55:01.323921+0100 | INFO | Not loaded (skipped)
2026-03-19T22:55:01.323953+0100 | INFO | ================================================================================
2026-03-19T22:55:01.323982+0100 | INFO | FILE: /optima/data/OPTDATAHARBOR/B/6782494-25-OSRTVYBLEHLMNWWDJLKIFESUJ+CJALSMAECHRKTEYLDBEDQZXLTJQDENBAFALH+OFXTRA/bscan.dcm
2026-03-19T22:55:01.329426+0100 | INFO | 
Encoding: Explicit VR Little Endian
2026-03-19T22:55:01.329618+0100 | INFO | 
--- BASIC INFO ---
2026-03-19T22:55:01.329667+0100 | INFO | Modality: OPT
2026-03-19T22:55:01.329701+0100 | INFO | Manufacturer: Cirrus
2026-03-19T22:55:01.329733+0100 | INFO | Rows: 1024
2026-03-19T22:55:01.329764+0100 | INFO | Columns: 512
2026-03-19T22:55:01.329795+0100 | INFO | NumberOfFrames: 128
2026-03-19T22:55:01.329887+0100 | INFO | 
--- SPACING (mm) ---
2026-03-19T22:55:01.329930+0100 | INFO | Z (inter-slice): 0.047244
2026-03-19T22:55:01.329966+0100 | INFO | Y (pixel spacing): 0.011742
2026-03-19T22:55:01.329999+0100 | INFO | X (pixel spacing): 0.001955
2026-03-19T22:55:01.330032+0100 | INFO | 
Anisotropy (Z/Y): 4.02
2026-03-19T22:55:01.330063+0100 | INFO | 
--- PIXEL DATA ---
2026-03-19T22:55:01.330103+0100 | INFO | Not loaded (skipped)
